<?xml version="1.0" encoding="UTF-8"?>
<Site BuildName="Win32-mingw32-make"
	BuildStamp="20211015-1318-Experimental"
	Name="DESKTOP-FML92VG"
	Generator="ctest-3.18.4"
	CompilerName="c:/MinGW/bin/mingw32-g++.exe"
	CompilerVersion="9.2.0"
	OSName="Windows"
	Hostname="DESKTOP-FML92VG"
	OSRelease=" Professional"
	OSVersion=" (Build 10240)"
	OSPlatform="AMD64"
	Is64Bits="1"
	VendorString="GenuineIntel"
	VendorID="Intel Corporation"
	FamilyID="6"
	ModelID="14"
	ProcessorCacheSize="-1"
	NumberOfLogicalCPU="8"
	NumberOfPhysicalCPU="4"
	TotalVirtualMemory="14515"
	TotalPhysicalMemory="8040"
	LogicalProcessorsPerPhysical="2"
	ProcessorClockFrequency="2111"
	>
	<Testing>
		<StartDateTime>Oct 15 18:48 India Standard Time</StartDateTime>
		<StartTestTime>1634303932</StartTestTime>
		<TestList/>
		<EndDateTime>Oct 15 18:48 India Standard Time</EndDateTime>
		<EndTestTime>1634303932</EndTestTime>
		<ElapsedMinutes>0</ElapsedMinutes>
	</Testing>
</Site>
